<?xml version="1.0" encoding="UTF-8"?>
<testng-results skipped="2" failed="0" ignored="0" total="6" passed="4">
  <reporter-output>
  </reporter-output>
  <suite name="Data Driven Basic" duration-ms="19435" started-at="2019-11-13T10:27:37Z" finished-at="2019-11-13T10:27:56Z">
    <groups>
    </groups>
    <test name="Bank Manager Login Test" duration-ms="310" started-at="2019-11-13T10:27:37Z" finished-at="2019-11-13T10:27:37Z">
      <class name="com.learn.testcases.BankManagerLoginTest">
        <test-method status="PASS" signature="bankManagerLoginTest()[pri:0, instance:com.learn.testcases.BankManagerLoginTest@50ad3bc1]" name="bankManagerLoginTest" duration-ms="132" started-at="2019-11-13T15:57:37Z" finished-at="2019-11-13T15:57:37Z">
          <reporter-output>
          </reporter-output>
        </test-method> <!-- bankManagerLoginTest -->
      </class> <!-- com.learn.testcases.BankManagerLoginTest -->
    </test> <!-- Bank Manager Login Test -->
    <test name="Add Customer Login Test" duration-ms="19057" started-at="2019-11-13T10:27:37Z" finished-at="2019-11-13T10:27:56Z">
      <class name="com.learn.testcases.AddCustomerLoginTest">
        <test-method status="PASS" signature="addCustomerTest(java.util.Hashtable)[pri:0, instance:com.learn.testcases.AddCustomerLoginTest@759d26fb]" name="addCustomerTest" duration-ms="6368" started-at="2019-11-13T15:57:37Z" data-provider="dp" finished-at="2019-11-13T15:57:44Z">
          <params>
            <param index="0">
              <value>
                <![CDATA[{postCode=432678.0, alerttext=Customer added successfully, lastName=Jain, firstName=Joy, runmode=Y}]]>
              </value>
            </param>
          </params>
          <reporter-output>
          </reporter-output>
        </test-method> <!-- addCustomerTest -->
        <test-method status="PASS" signature="addCustomerTest(java.util.Hashtable)[pri:0, instance:com.learn.testcases.AddCustomerLoginTest@759d26fb]" name="addCustomerTest" duration-ms="6262" started-at="2019-11-13T15:57:44Z" data-provider="dp" finished-at="2019-11-13T15:57:50Z">
          <params>
            <param index="0">
              <value>
                <![CDATA[{postCode=A789PR, alerttext=Customer added successfully, lastName=Patel, firstName=Akshay, runmode=Y}]]>
              </value>
            </param>
          </params>
          <reporter-output>
          </reporter-output>
        </test-method> <!-- addCustomerTest -->
        <test-method status="PASS" signature="addCustomerTest(java.util.Hashtable)[pri:0, instance:com.learn.testcases.AddCustomerLoginTest@759d26fb]" name="addCustomerTest" duration-ms="6285" started-at="2019-11-13T15:57:50Z" data-provider="dp" finished-at="2019-11-13T15:57:56Z">
          <params>
            <param index="0">
              <value>
                <![CDATA[{postCode=123A67, alerttext=Customer added successfully, lastName=Agarwal, firstName=Ruhi, runmode=Y}]]>
              </value>
            </param>
          </params>
          <reporter-output>
          </reporter-output>
        </test-method> <!-- addCustomerTest -->
        <test-method status="SKIP" signature="addCustomerTest(java.util.Hashtable)[pri:0, instance:com.learn.testcases.AddCustomerLoginTest@759d26fb]" name="addCustomerTest" duration-ms="0" started-at="2019-11-13T15:57:56Z" data-provider="dp" finished-at="2019-11-13T15:57:56Z">
          <params>
            <param index="0">
              <value>
                <![CDATA[{postCode=K456AB, alerttext=Customer added successfully, lastName=Jain, firstName=Kittu, runmode=N}]]>
              </value>
            </param>
          </params>
          <exception class="org.testng.SkipException">
            <message>
              <![CDATA[Skipping the test as the run mode is No]]>
            </message>
            <full-stacktrace>
              <![CDATA[org.testng.SkipException: Skipping the test as the run mode is No
	at com.learn.testcases.AddCustomerLoginTest.addCustomerTest(AddCustomerLoginTest.java:23)
	at sun.reflect.NativeMethodAccessorImpl.invoke0(Native Method)
	at sun.reflect.NativeMethodAccessorImpl.invoke(NativeMethodAccessorImpl.java:62)
	at sun.reflect.DelegatingMethodAccessorImpl.invoke(DelegatingMethodAccessorImpl.java:43)
	at java.lang.reflect.Method.invoke(Method.java:498)
	at org.testng.internal.MethodInvocationHelper.invokeMethod(MethodInvocationHelper.java:108)
	at org.testng.internal.Invoker.invokeMethod(Invoker.java:661)
	at org.testng.internal.Invoker.invokeTestMethod(Invoker.java:869)
	at org.testng.internal.Invoker.invokeTestMethods(Invoker.java:1193)
	at org.testng.internal.TestMethodWorker.invokeTestMethods(TestMethodWorker.java:126)
	at org.testng.internal.TestMethodWorker.run(TestMethodWorker.java:109)
	at org.testng.TestRunner.privateRun(TestRunner.java:744)
	at org.testng.TestRunner.run(TestRunner.java:602)
	at org.testng.SuiteRunner.runTest(SuiteRunner.java:380)
	at org.testng.SuiteRunner.runSequentially(SuiteRunner.java:375)
	at org.testng.SuiteRunner.privateRun(SuiteRunner.java:340)
	at org.testng.SuiteRunner.run(SuiteRunner.java:289)
	at org.testng.SuiteRunnerWorker.runSuite(SuiteRunnerWorker.java:52)
	at org.testng.SuiteRunnerWorker.run(SuiteRunnerWorker.java:86)
	at org.testng.TestNG.runSuitesSequentially(TestNG.java:1301)
	at org.testng.TestNG.runSuitesLocally(TestNG.java:1226)
	at org.testng.TestNG.runSuites(TestNG.java:1144)
	at org.testng.TestNG.run(TestNG.java:1115)
	at org.apache.maven.surefire.testng.TestNGExecutor.run(TestNGExecutor.java:295)
	at org.apache.maven.surefire.testng.TestNGXmlTestSuite.execute(TestNGXmlTestSuite.java:84)
	at org.apache.maven.surefire.testng.TestNGProvider.invoke(TestNGProvider.java:90)
	at org.apache.maven.surefire.booter.ForkedBooter.invokeProviderInSameClassLoader(ForkedBooter.java:203)
	at org.apache.maven.surefire.booter.ForkedBooter.runSuitesInProcess(ForkedBooter.java:155)
	at org.apache.maven.surefire.booter.ForkedBooter.main(ForkedBooter.java:103)
]]>
            </full-stacktrace>
          </exception> <!-- org.testng.SkipException -->
          <reporter-output>
          </reporter-output>
        </test-method> <!-- addCustomerTest -->
      </class> <!-- com.learn.testcases.AddCustomerLoginTest -->
    </test> <!-- Add Customer Login Test -->
    <test name="Open Account Test" duration-ms="27" started-at="2019-11-13T10:27:56Z" finished-at="2019-11-13T10:27:56Z">
      <class name="com.learn.testcases.OpenAccountTest">
        <test-method status="PASS" signature="setUp()[pri:0, instance:com.learn.testcases.OpenAccountTest@4d5b6aac]" name="setUp" is-config="true" duration-ms="11085" started-at="2019-11-13T15:57:26Z" finished-at="2019-11-13T15:57:37Z">
          <reporter-output>
          </reporter-output>
        </test-method> <!-- setUp -->
        <test-method status="SKIP" signature="openAccountTest(java.util.Hashtable)[pri:0, instance:com.learn.testcases.OpenAccountTest@4d5b6aac]" name="openAccountTest" duration-ms="1" started-at="2019-11-13T15:57:56Z" data-provider="dp" finished-at="2019-11-13T15:57:56Z">
          <params>
            <param index="0">
              <value>
                <![CDATA[{currency=Rupee, alerttext=Account created successfully, customer=Joy Jain}]]>
              </value>
            </param>
          </params>
          <exception class="org.testng.SkipException">
            <message>
              <![CDATA[Skipping the Test OPENACCOUNTTEST as the Runmode is No]]>
            </message>
            <full-stacktrace>
              <![CDATA[org.testng.SkipException: Skipping the Test OPENACCOUNTTEST as the Runmode is No
	at com.learn.testcases.OpenAccountTest.openAccountTest(OpenAccountTest.java:23)
	at sun.reflect.NativeMethodAccessorImpl.invoke0(Native Method)
	at sun.reflect.NativeMethodAccessorImpl.invoke(NativeMethodAccessorImpl.java:62)
	at sun.reflect.DelegatingMethodAccessorImpl.invoke(DelegatingMethodAccessorImpl.java:43)
	at java.lang.reflect.Method.invoke(Method.java:498)
	at org.testng.internal.MethodInvocationHelper.invokeMethod(MethodInvocationHelper.java:108)
	at org.testng.internal.Invoker.invokeMethod(Invoker.java:661)
	at org.testng.internal.Invoker.invokeTestMethod(Invoker.java:869)
	at org.testng.internal.Invoker.invokeTestMethods(Invoker.java:1193)
	at org.testng.internal.TestMethodWorker.invokeTestMethods(TestMethodWorker.java:126)
	at org.testng.internal.TestMethodWorker.run(TestMethodWorker.java:109)
	at org.testng.TestRunner.privateRun(TestRunner.java:744)
	at org.testng.TestRunner.run(TestRunner.java:602)
	at org.testng.SuiteRunner.runTest(SuiteRunner.java:380)
	at org.testng.SuiteRunner.runSequentially(SuiteRunner.java:375)
	at org.testng.SuiteRunner.privateRun(SuiteRunner.java:340)
	at org.testng.SuiteRunner.run(SuiteRunner.java:289)
	at org.testng.SuiteRunnerWorker.runSuite(SuiteRunnerWorker.java:52)
	at org.testng.SuiteRunnerWorker.run(SuiteRunnerWorker.java:86)
	at org.testng.TestNG.runSuitesSequentially(TestNG.java:1301)
	at org.testng.TestNG.runSuitesLocally(TestNG.java:1226)
	at org.testng.TestNG.runSuites(TestNG.java:1144)
	at org.testng.TestNG.run(TestNG.java:1115)
	at org.apache.maven.surefire.testng.TestNGExecutor.run(TestNGExecutor.java:295)
	at org.apache.maven.surefire.testng.TestNGXmlTestSuite.execute(TestNGXmlTestSuite.java:84)
	at org.apache.maven.surefire.testng.TestNGProvider.invoke(TestNGProvider.java:90)
	at org.apache.maven.surefire.booter.ForkedBooter.invokeProviderInSameClassLoader(ForkedBooter.java:203)
	at org.apache.maven.surefire.booter.ForkedBooter.runSuitesInProcess(ForkedBooter.java:155)
	at org.apache.maven.surefire.booter.ForkedBooter.main(ForkedBooter.java:103)
]]>
            </full-stacktrace>
          </exception> <!-- org.testng.SkipException -->
          <reporter-output>
          </reporter-output>
        </test-method> <!-- openAccountTest -->
        <test-method status="PASS" signature="tearDown()[pri:0, instance:com.learn.testcases.OpenAccountTest@4d5b6aac]" name="tearDown" is-config="true" duration-ms="764" started-at="2019-11-13T15:57:57Z" finished-at="2019-11-13T15:57:57Z">
          <reporter-output>
          </reporter-output>
        </test-method> <!-- tearDown -->
      </class> <!-- com.learn.testcases.OpenAccountTest -->
    </test> <!-- Open Account Test -->
  </suite> <!-- Data Driven Basic -->
</testng-results>
