<?xml version="1.0" encoding="UTF-8"?>
<testsuite name="Add Customer Login Test"
           tests="4"
           failures="0"
           errors="0"
           skipped="1"
           time="18.915">
  <properties />
  
            <testcase name="addCustomerTest" time="0.0" classname="com.learn.testcases.AddCustomerLoginTest">
          <skipped />
    </testcase>
  
            <testcase name="addCustomerTest" time="6.368" classname="com.learn.testcases.AddCustomerLoginTest" />
                <testcase name="addCustomerTest" time="6.262" classname="com.learn.testcases.AddCustomerLoginTest" />
                <testcase name="addCustomerTest" time="6.285" classname="com.learn.testcases.AddCustomerLoginTest" />
      
</testsuite>
