<?xml version="1.0" encoding="UTF-8"?>
<!-- Generated by org.testng.reporters.JUnitXMLReporter -->
<testsuite hostname="LAPTOP-RE1HDM9B" ignored="0" name="Add Customer Login Test" tests="1" failures="1" timestamp="09 Nov 2019 12:03:15 GMT" time="7.475" errors="0">
  <testcase name="addCustomer" time="7.055" classname="com.learn.testcases.AddCustomerLoginTest">
    <failure type="java.lang.AssertionError" message="expected [true] but found [false]">
      <![CDATA[java.lang.AssertionError: expected [true] but found [false]
	at com.learn.testcases.AddCustomerLoginTest.addCustomer(AddCustomerLoginTest.java:30)
... Removed 32 stack frames]]>
    </failure>
  </testcase> <!-- addCustomer -->
</testsuite> <!-- Add Customer Login Test -->
