<?xml version="1.0" encoding="UTF-8"?>
<!-- Generated by org.testng.reporters.JUnitXMLReporter -->
<testsuite hostname="LAPTOP-RE1HDM9B" ignored="0" name="Add Customer Login Test" tests="4" failures="0" timestamp="13 Nov 2019 10:27:56 GMT" time="19.057" errors="0">
  <testcase name="addCustomerTest" time="6.368" classname="com.learn.testcases.AddCustomerLoginTest"/>
  <testcase name="addCustomerTest" time="6.262" classname="com.learn.testcases.AddCustomerLoginTest"/>
  <testcase name="addCustomerTest" time="6.285" classname="com.learn.testcases.AddCustomerLoginTest"/>
  <testcase name="addCustomerTest" time="0.0" classname="com.learn.testcases.AddCustomerLoginTest">
    <skipped/>
  </testcase> <!-- addCustomerTest -->
</testsuite> <!-- Add Customer Login Test -->
