<?xml version="1.0" encoding="UTF-8"?>
<!-- Generated by org.testng.reporters.JUnitXMLReporter -->
<testsuite hostname="LAPTOP-RE1HDM9B" ignored="0" name="Bank Manager Login Test" tests="1" failures="1" timestamp="09 Nov 2019 12:03:08 GMT" time="3.64" errors="0">
  <testcase name="loginAsBankManager" time="3.178" classname="com.learn.testcases.BankManagerLoginTest">
    <failure type="java.lang.AssertionError" message="expected [true] but found [false]">
      <![CDATA[java.lang.AssertionError: expected [true] but found [false]
	at com.learn.testcases.BankManagerLoginTest.loginAsBankManager(BankManagerLoginTest.java:21)
... Removed 32 stack frames]]>
    </failure>
  </testcase> <!-- loginAsBankManager -->
</testsuite> <!-- Bank Manager Login Test -->
