<?xml version="1.0" encoding="UTF-8"?>
<!-- Generated by org.testng.reporters.JUnitXMLReporter -->
<testsuite hostname="LAPTOP-RE1HDM9B" name="Bank Manager Login Test" tests="1" failures="1" timestamp="11 Nov 2019 10:50:04 GMT" time="1.199" errors="0">
  <testcase name="loginAsBankManager" time="0.094" classname="com.learn.testcases.BankManagerLoginTest">
    <failure type="java.lang.AssertionError" message="expected [xyz] but found [abc]">
      <![CDATA[java.lang.AssertionError: expected [xyz] but found [abc]
	at com.learn.testcases.BankManagerLoginTest.loginAsBankManager(BankManagerLoginTest.java:15)
... Removed 31 stack frames]]>
    </failure>
  </testcase> <!-- loginAsBankManager -->
</testsuite> <!-- Bank Manager Login Test -->
