<?xml version="1.0" encoding="UTF-8"?>
<testng-results skipped="0" failed="0" total="2" passed="2">
  <reporter-output>
    <line>
      <![CDATA[Login Successfully Executed]]>
    </line>
    <line>
      <![CDATA[<a target="blank"href="E:\Komal\Komal\Testing\Project\Error.jpg">ScreenShot</a>]]>
    </line>
  </reporter-output>
  <suite name="Data Driven Basic" duration-ms="10293" started-at="2019-11-09T10:54:59Z" finished-at="2019-11-09T10:55:09Z">
    <groups>
    </groups>
    <test name="Bank Manager Login Test" duration-ms="3155" started-at="2019-11-09T10:54:59Z" finished-at="2019-11-09T10:55:02Z">
      <class name="com.learn.testcases.BankManagerLoginTest">
        <test-method status="PASS" signature="loginAsBankManager()[pri:0, instance:com.learn.testcases.BankManagerLoginTest@e1de817]" name="loginAsBankManager" duration-ms="3136" started-at="2019-11-09T16:24:59Z" finished-at="2019-11-09T16:25:02Z">
          <reporter-output>
            <line>
              <![CDATA[Login Successfully Executed]]>
            </line>
            <line>
              <![CDATA[<a target="blank"href="E:\Komal\Komal\Testing\Project\Error.jpg">ScreenShot</a>]]>
            </line>
          </reporter-output>
        </test-method> <!-- loginAsBankManager -->
      </class> <!-- com.learn.testcases.BankManagerLoginTest -->
    </test> <!-- Bank Manager Login Test -->
    <test name="Add Customer Login Test" duration-ms="7082" started-at="2019-11-09T10:55:02Z" finished-at="2019-11-09T10:55:09Z">
      <class name="com.learn.testcases.AddCustomerLoginTest">
        <test-method status="PASS" signature="setUp()[pri:0, instance:com.learn.testcases.AddCustomerLoginTest@2e222612]" name="setUp" is-config="true" duration-ms="12252" started-at="2019-11-09T16:24:47Z" finished-at="2019-11-09T16:24:59Z">
          <reporter-output>
          </reporter-output>
        </test-method> <!-- setUp -->
        <test-method status="PASS" signature="addCustomer(java.lang.String, java.lang.String, java.lang.String, java.lang.String)[pri:0, instance:com.learn.testcases.AddCustomerLoginTest@2e222612]" name="addCustomer" duration-ms="7052" started-at="2019-11-09T16:25:02Z" data-provider="getData" finished-at="2019-11-09T16:25:09Z">
          <params>
            <param index="0">
              <value>
                <![CDATA[Joy]]>
              </value>
            </param>
            <param index="1">
              <value>
                <![CDATA[Jain]]>
              </value>
            </param>
            <param index="2">
              <value>
                <![CDATA[432678.0]]>
              </value>
            </param>
            <param index="3">
              <value>
                <![CDATA[Customer added successfully]]>
              </value>
            </param>
          </params>
          <reporter-output>
          </reporter-output>
        </test-method> <!-- addCustomer -->
        <test-method status="PASS" signature="tearDown()[pri:0, instance:com.learn.testcases.AddCustomerLoginTest@2e222612]" name="tearDown" is-config="true" duration-ms="963" started-at="2019-11-09T16:25:09Z" finished-at="2019-11-09T16:25:10Z">
          <reporter-output>
          </reporter-output>
        </test-method> <!-- tearDown -->
      </class> <!-- com.learn.testcases.AddCustomerLoginTest -->
    </test> <!-- Add Customer Login Test -->
  </suite> <!-- Data Driven Basic -->
</testng-results>
